{
  "stats": {
    "suites": 1,
    "tests": 1,
    "passes": 1,
    "pending": 0,
    "failures": 0,
    "start": "2023-03-11T09:59:06.066Z",
    "end": "2023-03-11T09:59:28.161Z",
    "duration": 22095,
    "testsRegistered": 1,
    "passPercent": 100,
    "pendingPercent": 0,
    "other": 0,
    "hasOther": false,
    "skipped": 0,
    "hasSkipped": false
  },
  "results": [
    {
      "uuid": "9cc5fd59-e947-4901-a221-2fdfbc68a54c",
      "title": "",
      "fullFile": "cypress\\e2e\\practice.cy.js",
      "file": "cypress\\e2e\\practice.cy.js",
      "beforeHooks": [],
      "afterHooks": [],
      "tests": [],
      "suites": [
        {
          "uuid": "2d3b13d5-6daf-4d57-a2d4-62a6ec0dedc0",
          "title": "CTShop",
          "fullFile": "",
          "file": "",
          "beforeHooks": [],
          "afterHooks": [],
          "tests": [
            {
              "title": "CTShop",
              "fullTitle": "CTShop CTShop",
              "timedOut": null,
              "duration": 19330,
              "state": "passed",
              "speed": "slow",
              "pass": true,
              "fail": false,
              "pending": false,
              "context": null,
              "code": "cy.visit('https://www.ctshop.rs/');\ncy.closeAdd();\ncy.acceptCookies();\ncy.clickLinkFromMenu('laptopovi-tableti', 'laptopovi');\ncy.checkFilter('13.6\"');\ncy.verifyProductNum(3);",
              "err": {},
              "uuid": "09e787fe-64d0-4a6c-8713-4d43da23fae6",
              "parentUUID": "2d3b13d5-6daf-4d57-a2d4-62a6ec0dedc0",
              "isHook": false,
              "skipped": false
            }
          ],
          "suites": [],
          "passes": [
            "09e787fe-64d0-4a6c-8713-4d43da23fae6"
          ],
          "failures": [],
          "pending": [],
          "skipped": [],
          "duration": 19330,
          "root": false,
          "rootEmpty": false,
          "_timeout": 2000
        }
      ],
      "passes": [],
      "failures": [],
      "pending": [],
      "skipped": [],
      "duration": 0,
      "root": true,
      "rootEmpty": true,
      "_timeout": 2000
    }
  ],
  "meta": {
    "mocha": {
      "version": "7.0.1"
    },
    "mochawesome": {
      "options": {
        "quiet": false,
        "reportFilename": "Test",
        "saveHtml": true,
        "saveJson": true,
        "consoleReporter": "spec",
        "useInlineDiffs": false,
        "code": true
      },
      "version": "7.1.3"
    },
    "marge": {
      "options": {
        "reportFilename": "Test"
      },
      "version": "6.2.0"
    }
  }
}